\BOOKMARK [0][-]{chapter*.1}{\376\377\000D\000\351\000d\000i\000c\000a\000c\000e}{}% 1
\BOOKMARK [0][-]{chapter*.2}{\376\377\000R\000e\000m\000e\000r\000c\000i\000e\000m\000e\000n\000t\000s}{}% 2
\BOOKMARK [0][-]{chapter*.3}{\376\377\000R\000\351\000s\000u\000m\000\351}{}% 3
\BOOKMARK [0][-]{chapter*.4}{\376\377\000A\000b\000s\000t\000r\000a\000c\000t}{}% 4
\BOOKMARK [0][-]{chapter*.5}{\376\377\000L\000i\000s\000t\000e\000\040\000d\000e\000s\000\040\000A\000c\000r\000o\000n\000y\000m\000e\000s}{}% 5
\BOOKMARK [0][-]{chapter*.6}{\376\377\000I\000n\000t\000r\000o\000d\000u\000c\000t\000i\000o\000n\000\040\000G\000\351\000n\000\351\000r\000a\000l\000e}{}% 6
\BOOKMARK [0][-]{chapter.1}{\376\377\000C\000a\000d\000r\000e\000\040\000G\000\351\000n\000\351\000r\000a\000l\000\040\000d\000u\000\040\000P\000r\000o\000j\000e\000t}{}% 7
\BOOKMARK [1][-]{section.1.1}{\376\377\000I\000n\000t\000r\000o\000d\000u\000c\000t\000i\000o\000n}{chapter.1}% 8
\BOOKMARK [1][-]{section.1.2}{\376\377\000P\000r\000\351\000s\000e\000n\000t\000a\000t\000i\000o\000n\000\040\000d\000'\000A\000m\000e\000n\000\040\000B\000a\000n\000k}{chapter.1}% 9
\BOOKMARK [2][-]{subsection.1.2.1}{\376\377\000H\000i\000s\000t\000o\000r\000i\000q\000u\000e\000\040\000e\000t\000\040\000P\000o\000s\000i\000t\000i\000o\000n\000\040\000s\000u\000r\000\040\000l\000e\000\040\000M\000a\000r\000c\000h\000\351}{section.1.2}% 10
\BOOKMARK [2][-]{subsection.1.2.2}{\376\377\000S\000e\000r\000v\000i\000c\000e\000s\000\040\000O\000f\000f\000e\000r\000t\000s}{section.1.2}% 11
\BOOKMARK [2][-]{subsection.1.2.3}{\376\377\000S\000t\000r\000u\000c\000t\000u\000r\000e\000\040\000O\000r\000g\000a\000n\000i\000s\000a\000t\000i\000o\000n\000n\000e\000l\000l\000e}{section.1.2}% 12
\BOOKMARK [1][-]{section.1.3}{\376\377\000C\000a\000d\000r\000a\000g\000e\000\040\000d\000u\000\040\000P\000r\000o\000j\000e\000t}{chapter.1}% 13
\BOOKMARK [2][-]{subsection.1.3.1}{\376\377\000P\000r\000o\000b\000l\000\350\000m\000e\000\040\000I\000d\000e\000n\000t\000i\000f\000i\000\351}{section.1.3}% 14
\BOOKMARK [2][-]{subsection.1.3.2}{\376\377\000S\000o\000l\000u\000t\000i\000o\000n\000\040\000P\000r\000o\000p\000o\000s\000\351\000e}{section.1.3}% 15
\BOOKMARK [1][-]{section.1.4}{\376\377\000\311\000t\000u\000d\000e\000\040\000d\000e\000\040\000l\000'\000E\000x\000i\000s\000t\000a\000n\000t}{chapter.1}% 16
\BOOKMARK [2][-]{subsection.1.4.1}{\376\377\000S\000o\000l\000u\000t\000i\000o\000n\000s\000\040\000C\000o\000n\000c\000u\000r\000r\000e\000n\000t\000e\000s\000\040\000s\000u\000r\000\040\000l\000e\000\040\000M\000a\000r\000c\000h\000\351}{section.1.4}% 17
\BOOKMARK [2][-]{subsection.1.4.2}{\376\377\000C\000r\000i\000t\000i\000q\000u\000e\000\040\000e\000t\000\040\000P\000o\000s\000i\000t\000i\000o\000n\000n\000e\000m\000e\000n\000t}{section.1.4}% 18
\BOOKMARK [1][-]{section.1.5}{\376\377\000M\000\351\000t\000h\000o\000d\000o\000l\000o\000g\000i\000e\000\040\000d\000e\000\040\000T\000r\000a\000v\000a\000i\000l\000\040\000A\000d\000o\000p\000t\000\351\000e}{chapter.1}% 19
\BOOKMARK [2][-]{subsection.1.5.1}{\376\377\000C\000o\000m\000p\000a\000r\000a\000i\000s\000o\000n\000\040\000d\000e\000s\000\040\000M\000\351\000t\000h\000o\000d\000o\000l\000o\000g\000i\000e\000s}{section.1.5}% 20
\BOOKMARK [2][-]{subsection.1.5.2}{\376\377\000C\000h\000o\000i\000x\000\040\000J\000u\000s\000t\000i\000f\000i\000\351\000\040\000:\000\040\000S\000c\000r\000u\000m}{section.1.5}% 21
\BOOKMARK [2][-]{subsection.1.5.3}{\376\377\000C\000a\000d\000r\000e\000\040\000S\000c\000r\000u\000m}{section.1.5}% 22
\BOOKMARK [2][-]{subsection.1.5.4}{\376\377\000P\000l\000a\000n\000i\000f\000i\000c\000a\000t\000i\000o\000n\000\040\000T\000e\000m\000p\000o\000r\000e\000l\000l\000e}{section.1.5}% 23
\BOOKMARK [1][-]{section.1.6}{\376\377\000C\000o\000n\000c\000l\000u\000s\000i\000o\000n}{chapter.1}% 24
\BOOKMARK [0][-]{chapter.2}{\376\377\000\311\000t\000a\000t\000\040\000d\000e\000\040\000l\000'\000A\000r\000t\000\040\000e\000t\000\040\000T\000e\000c\000h\000n\000o\000l\000o\000g\000i\000e\000s}{}% 25
\BOOKMARK [1][-]{section.2.1}{\376\377\000I\000n\000t\000r\000o\000d\000u\000c\000t\000i\000o\000n}{chapter.2}% 26
\BOOKMARK [1][-]{section.2.2}{\376\377\000C\000o\000n\000c\000e\000p\000t\000s\000\040\000M\000\351\000t\000i\000e\000r\000s\000\040\000B\000a\000n\000c\000a\000i\000r\000e\000s}{chapter.2}% 27
\BOOKMARK [2][-]{subsection.2.2.1}{\376\377\000G\000e\000s\000t\000i\000o\000n\000\040\000d\000e\000\040\000T\000r\000\351\000s\000o\000r\000e\000r\000i\000e}{section.2.2}% 28
\BOOKMARK [2][-]{subsection.2.2.2}{\376\377\000T\000y\000p\000e\000s\000\040\000d\000e\000\040\000M\000o\000u\000v\000e\000m\000e\000n\000t\000s}{section.2.2}% 29
\BOOKMARK [2][-]{subsection.2.2.3}{\376\377\000W\000o\000r\000k\000f\000l\000o\000w\000\040\000d\000'\000A\000p\000p\000r\000o\000b\000a\000t\000i\000o\000n\000\040\000M\000u\000l\000t\000i\000n\000i\000v\000e\000a\000u\000x}{section.2.2}% 30
\BOOKMARK [2][-]{subsection.2.2.4}{\376\377\000T\000r\000a\000\347\000a\000b\000i\000l\000i\000t\000\351\000\040\000e\000t\000\040\000A\000u\000d\000i\000t\000\040\000T\000r\000a\000i\000l}{section.2.2}% 31
\BOOKMARK [1][-]{section.2.3}{\376\377\000P\000i\000l\000e\000\040\000T\000e\000c\000h\000n\000o\000l\000o\000g\000i\000q\000u\000e}{chapter.2}% 32
\BOOKMARK [2][-]{subsection.2.3.1}{\376\377\000A\000r\000c\000h\000i\000t\000e\000c\000t\000u\000r\000e\000\040\000G\000\351\000n\000\351\000r\000a\000l\000e}{section.2.3}% 33
\BOOKMARK [2][-]{subsection.2.3.2}{\376\377\000T\000e\000c\000h\000n\000o\000l\000o\000g\000i\000e\000s\000\040\000F\000r\000o\000n\000t\000e\000n\000d}{section.2.3}% 34
\BOOKMARK [2][-]{subsection.2.3.3}{\376\377\000T\000e\000c\000h\000n\000o\000l\000o\000g\000i\000e\000s\000\040\000B\000a\000c\000k\000e\000n\000d}{section.2.3}% 35
\BOOKMARK [2][-]{subsection.2.3.4}{\376\377\000S\000\351\000c\000u\000r\000i\000t\000\351}{section.2.3}% 36
\BOOKMARK [2][-]{subsection.2.3.5}{\376\377\000O\000u\000t\000i\000l\000s\000\040\000d\000e\000\040\000D\000\351\000v\000e\000l\000o\000p\000p\000e\000m\000e\000n\000t}{section.2.3}% 37
\BOOKMARK [2][-]{subsection.2.3.6}{\376\377\000T\000a\000b\000l\000e\000a\000u\000\040\000C\000o\000m\000p\000a\000r\000a\000t\000i\000f\000\040\000d\000e\000s\000\040\000T\000e\000c\000h\000n\000o\000l\000o\000g\000i\000e\000s}{section.2.3}% 38
\BOOKMARK [1][-]{section.2.4}{\376\377\000C\000o\000n\000c\000l\000u\000s\000i\000o\000n}{chapter.2}% 39
\BOOKMARK [0][-]{chapter.3}{\376\377\000S\000p\000r\000i\000n\000t\000\040\0001\000\040\000-\000\040\000A\000r\000c\000h\000i\000t\000e\000c\000t\000u\000r\000e\000\040\000e\000t\000\040\000A\000u\000t\000h\000e\000n\000t\000i\000f\000i\000c\000a\000t\000i\000o\000n}{}% 40
\BOOKMARK [1][-]{section.3.1}{\376\377\000I\000n\000t\000r\000o\000d\000u\000c\000t\000i\000o\000n}{chapter.3}% 41
\BOOKMARK [1][-]{section.3.2}{\376\377\000O\000b\000j\000e\000c\000t\000i\000f\000s\000\040\000d\000u\000\040\000S\000p\000r\000i\000n\000t}{chapter.3}% 42
\BOOKMARK [1][-]{section.3.3}{\376\377\000S\000p\000\351\000c\000i\000f\000i\000c\000a\000t\000i\000o\000n\000\040\000d\000e\000s\000\040\000B\000e\000s\000o\000i\000n\000s}{chapter.3}% 43
\BOOKMARK [2][-]{subsection.3.3.1}{\376\377\000B\000e\000s\000o\000i\000n\000s\000\040\000F\000o\000n\000c\000t\000i\000o\000n\000n\000e\000l\000s}{section.3.3}% 44
\BOOKMARK [2][-]{subsection.3.3.2}{\376\377\000B\000e\000s\000o\000i\000n\000s\000\040\000N\000o\000n\000-\000F\000o\000n\000c\000t\000i\000o\000n\000n\000e\000l\000s}{section.3.3}% 45
\BOOKMARK [2][-]{subsection.3.3.3}{\376\377\000A\000c\000t\000e\000u\000r\000s\000\040\000I\000d\000e\000n\000t\000i\000f\000i\000\351\000s}{section.3.3}% 46
\BOOKMARK [2][-]{subsection.3.3.4}{\376\377\000D\000i\000a\000g\000r\000a\000m\000m\000e\000\040\000d\000e\000\040\000C\000a\000s\000\040\000d\000'\000U\000t\000i\000l\000i\000s\000a\000t\000i\000o\000n\000\040\000-\000\040\000S\000p\000r\000i\000n\000t\000\040\0001}{section.3.3}% 47
\BOOKMARK [1][-]{section.3.4}{\376\377\000C\000o\000n\000c\000e\000p\000t\000i\000o\000n\000\040\000d\000u\000\040\000S\000p\000r\000i\000n\000t}{chapter.3}% 48
\BOOKMARK [2][-]{subsection.3.4.1}{\376\377\000D\000i\000a\000g\000r\000a\000m\000m\000e\000\040\000d\000e\000\040\000C\000l\000a\000s\000s\000e\000s\000\040\000-\000\040\000E\000n\000t\000i\000t\000\351\000s\000\040\000P\000r\000i\000n\000c\000i\000p\000a\000l\000e\000s}{section.3.4}% 49
\BOOKMARK [2][-]{subsection.3.4.2}{\376\377\000D\000i\000a\000g\000r\000a\000m\000m\000e\000\040\000d\000e\000\040\000S\000\351\000q\000u\000e\000n\000c\000e\000\040\000-\000\040\000P\000r\000o\000c\000e\000s\000s\000u\000s\000\040\000d\000e\000\040\000C\000o\000n\000n\000e\000x\000i\000o\000n}{section.3.4}% 50
\BOOKMARK [2][-]{subsection.3.4.3}{\376\377\000D\000i\000a\000g\000r\000a\000m\000m\000e\000\040\000d\000e\000\040\000S\000\351\000q\000u\000e\000n\000c\000e\000\040\000-\000\040\000C\000r\000\351\000a\000t\000i\000o\000n\000\040\000d\000'\000U\000t\000i\000l\000i\000s\000a\000t\000e\000u\000r}{section.3.4}% 51
\BOOKMARK [2][-]{subsection.3.4.4}{\376\377\000D\000i\000a\000g\000r\000a\000m\000m\000e\000\040\000d\000'\000A\000c\000t\000i\000v\000i\000t\000\351\000s\000\040\000-\000\040\000F\000l\000u\000x\000\040\000d\000'\000A\000u\000t\000h\000e\000n\000t\000i\000f\000i\000c\000a\000t\000i\000o\000n}{section.3.4}% 52
\BOOKMARK [2][-]{subsection.3.4.5}{\376\377\000M\000o\000d\000\350\000l\000e\000\040\000d\000e\000\040\000D\000o\000n\000n\000\351\000e\000s\000\040\000-\000\040\000S\000c\000h\000e\000m\000a\000\040\000P\000r\000i\000s\000m\000a}{section.3.4}% 53
\BOOKMARK [1][-]{section.3.5}{\376\377\000R\000\351\000a\000l\000i\000s\000a\000t\000i\000o\000n\000\040\000d\000u\000\040\000S\000p\000r\000i\000n\000t}{chapter.3}% 54
\BOOKMARK [2][-]{subsection.3.5.1}{\376\377\000C\000o\000m\000p\000o\000s\000a\000n\000t\000s\000\040\000F\000r\000o\000n\000t\000e\000n\000d\000\040\000D\000\351\000v\000e\000l\000o\000p\000p\000\351\000s}{section.3.5}% 55
\BOOKMARK [2][-]{subsection.3.5.2}{\376\377\000R\000o\000u\000t\000e\000s\000\040\000A\000P\000I\000\040\000I\000m\000p\000l\000\351\000m\000e\000n\000t\000\351\000e\000s}{section.3.5}% 56
\BOOKMARK [2][-]{subsection.3.5.3}{\376\377\000C\000o\000m\000p\000o\000s\000a\000n\000t\000s\000\040\000L\000o\000g\000i\000q\000u\000e\000\040\000\050\000S\000e\000r\000v\000i\000c\000e\000s\000\051}{section.3.5}% 57
\BOOKMARK [2][-]{subsection.3.5.4}{\376\377\000C\000o\000m\000p\000o\000s\000a\000n\000t\000s\000\040\000U\000I\000\040\000R\000\351\000u\000t\000i\000l\000i\000s\000a\000b\000l\000e\000s}{section.3.5}% 58
\BOOKMARK [1][-]{section.3.6}{\376\377\000T\000e\000s\000t\000s\000\040\000e\000t\000\040\000V\000a\000l\000i\000d\000a\000t\000i\000o\000n}{chapter.3}% 59
\BOOKMARK [2][-]{subsection.3.6.1}{\376\377\000T\000e\000s\000t\000s\000\040\000F\000o\000n\000c\000t\000i\000o\000n\000n\000e\000l\000s}{section.3.6}% 60
\BOOKMARK [2][-]{subsection.3.6.2}{\376\377\000T\000e\000s\000t\000s\000\040\000d\000e\000\040\000S\000\351\000c\000u\000r\000i\000t\000\351}{section.3.6}% 61
\BOOKMARK [1][-]{section.3.7}{\376\377\000R\000e\000v\000u\000e\000\040\000d\000e\000\040\000S\000p\000r\000i\000n\000t}{chapter.3}% 62
\BOOKMARK [2][-]{subsection.3.7.1}{\376\377\000D\000\351\000m\000o\000n\000s\000t\000r\000a\000t\000i\000o\000n}{section.3.7}% 63
\BOOKMARK [2][-]{subsection.3.7.2}{\376\377\000V\000a\000l\000i\000d\000a\000t\000i\000o\000n\000\040\000P\000r\000o\000d\000u\000c\000t\000\040\000O\000w\000n\000e\000r}{section.3.7}% 64
\BOOKMARK [2][-]{subsection.3.7.3}{\376\377\000F\000e\000e\000d\000b\000a\000c\000k\000\040\000e\000t\000\040\000A\000j\000u\000s\000t\000e\000m\000e\000n\000t\000s}{section.3.7}% 65
\BOOKMARK [2][-]{subsection.3.7.4}{\376\377\000M\000\351\000t\000r\000i\000q\000u\000e\000s\000\040\000d\000u\000\040\000S\000p\000r\000i\000n\000t}{section.3.7}% 66
\BOOKMARK [1][-]{section.3.8}{\376\377\000C\000o\000n\000c\000l\000u\000s\000i\000o\000n\000\040\000d\000u\000\040\000C\000h\000a\000p\000i\000t\000r\000e}{chapter.3}% 67
\BOOKMARK [0][-]{chapter.4}{\376\377\000S\000p\000r\000i\000n\000t\000\040\0002\000\040\000-\000\040\000M\000o\000d\000u\000l\000e\000\040\000G\000e\000s\000t\000i\000o\000n\000\040\000d\000e\000s\000\040\000D\000e\000m\000a\000n\000d\000e\000s}{}% 68
\BOOKMARK [1][-]{section.4.1}{\376\377\000I\000n\000t\000r\000o\000d\000u\000c\000t\000i\000o\000n}{chapter.4}% 69
\BOOKMARK [1][-]{section.4.2}{\376\377\000V\000u\000e\000\040\000d\000'\000E\000n\000s\000e\000m\000b\000l\000e}{chapter.4}% 70
\BOOKMARK [1][-]{section.4.3}{\376\377\000O\000b\000j\000e\000c\000t\000i\000f\000\040\000P\000r\000i\000n\000c\000i\000p\000a\000l}{chapter.4}% 71
\BOOKMARK [1][-]{section.4.4}{\376\377\000U\000s\000e\000r\000\040\000S\000t\000o\000r\000i\000e\000s\000\040\000D\000\351\000t\000a\000i\000l\000l\000\351\000e\000s}{chapter.4}% 72
\BOOKMARK [1][-]{section.4.5}{\376\377\000A\000n\000a\000l\000y\000s\000e\000\040\000e\000t\000\040\000S\000p\000\351\000c\000i\000f\000i\000c\000a\000t\000i\000o\000n\000s}{chapter.4}% 73
\BOOKMARK [2][-]{subsection.4.5.1}{\376\377\000D\000i\000a\000g\000r\000a\000m\000m\000e\000\040\000d\000e\000\040\000C\000a\000s\000\040\000d\000'\000U\000t\000i\000l\000i\000s\000a\000t\000i\000o\000n\000\040\000-\000\040\000S\000p\000r\000i\000n\000t\000\040\0002}{section.4.5}% 74
\BOOKMARK [2][-]{subsection.4.5.2}{\376\377\000R\000a\000f\000f\000i\000n\000e\000m\000e\000n\000t\000s\000\040\000T\000e\000x\000t\000u\000e\000l\000s\000\040\000-\000\040\000S\000c\000\351\000n\000a\000r\000i\000o\000\040\000N\000o\000m\000i\000n\000a\000l}{section.4.5}% 75
\BOOKMARK [2][-]{subsection.4.5.3}{\376\377\000D\000i\000a\000g\000r\000a\000m\000m\000e\000\040\000d\000e\000\040\000C\000l\000a\000s\000s\000e\000s\000\040\000-\000\040\000E\000n\000t\000i\000t\000\351\000s\000\040\000D\000e\000m\000a\000n\000d\000e\000s}{section.4.5}% 76
\BOOKMARK [2][-]{subsection.4.5.4}{\376\377\000D\000i\000a\000g\000r\000a\000m\000m\000e\000\040\000d\000e\000\040\000S\000\351\000q\000u\000e\000n\000c\000e\000\040\000-\000\040\000C\000r\000\351\000a\000t\000i\000o\000n\000\040\000D\000e\000m\000a\000n\000d\000e}{section.4.5}% 77
\BOOKMARK [2][-]{subsection.4.5.5}{\376\377\000D\000i\000a\000g\000r\000a\000m\000m\000e\000\040\000d\000'\000A\000c\000t\000i\000v\000i\000t\000\351\000s\000\040\000-\000\040\000C\000o\000n\000s\000u\000l\000t\000a\000t\000i\000o\000n\000\040\000D\000e\000m\000a\000n\000d\000e\000s}{section.4.5}% 78
\BOOKMARK [1][-]{section.4.6}{\376\377\000C\000o\000n\000c\000e\000p\000t\000i\000o\000n\000\040\000D\000\351\000t\000a\000i\000l\000l\000\351\000e}{chapter.4}% 79
\BOOKMARK [2][-]{subsection.4.6.1}{\376\377\000A\000r\000c\000h\000i\000t\000e\000c\000t\000u\000r\000e\000\040\000C\000o\000m\000p\000o\000s\000a\000n\000t\000s\000\040\000F\000r\000o\000n\000t\000e\000n\000d}{section.4.6}% 80
\BOOKMARK [2][-]{subsection.4.6.2}{\376\377\000R\000o\000u\000t\000e\000s\000\040\000A\000P\000I}{section.4.6}% 81
\BOOKMARK [2][-]{subsection.4.6.3}{\376\377\000S\000c\000h\000\351\000m\000a\000s\000\040\000d\000e\000\040\000V\000a\000l\000i\000d\000a\000t\000i\000o\000n\000\040\000Z\000o\000d}{section.4.6}% 82
\BOOKMARK [1][-]{section.4.7}{\376\377\000R\000\351\000a\000l\000i\000s\000a\000t\000i\000o\000n\000\040\000-\000\040\000I\000m\000p\000l\000\351\000m\000e\000n\000t\000a\000t\000i\000o\000n}{chapter.4}% 83
\BOOKMARK [2][-]{subsection.4.7.1}{\376\377\000C\000o\000m\000p\000o\000s\000a\000n\000t\000\040\000C\000r\000\351\000a\000t\000i\000o\000n\000\040\000D\000e\000m\000a\000n\000d\000e}{section.4.7}% 84
\BOOKMARK [2][-]{subsection.4.7.2}{\376\377\000C\000o\000m\000p\000o\000s\000a\000n\000t\000\040\000L\000i\000s\000t\000e\000\040\000D\000e\000m\000a\000n\000d\000e\000s}{section.4.7}% 85
\BOOKMARK [2][-]{subsection.4.7.3}{\376\377\000C\000o\000m\000p\000o\000s\000a\000n\000t\000\040\000D\000\351\000t\000a\000i\000l\000s\000\040\000D\000e\000m\000a\000n\000d\000e}{section.4.7}% 86
\BOOKMARK [2][-]{subsection.4.7.4}{\376\377\000\311\000t\000a\000t\000\040\000Z\000u\000s\000t\000a\000n\000d\000\040\000-\000\040\000R\000e\000q\000u\000e\000s\000t\000\040\000S\000t\000o\000r\000e}{section.4.7}% 87
\BOOKMARK [1][-]{section.4.8}{\376\377\000T\000e\000s\000t\000s\000\040\000e\000t\000\040\000V\000a\000l\000i\000d\000a\000t\000i\000o\000n}{chapter.4}% 88
\BOOKMARK [2][-]{subsection.4.8.1}{\376\377\000T\000e\000s\000t\000s\000\040\000F\000o\000n\000c\000t\000i\000o\000n\000n\000e\000l\000s}{section.4.8}% 89
\BOOKMARK [2][-]{subsection.4.8.2}{\376\377\000T\000e\000s\000t\000s\000\040\000d\000e\000\040\000P\000e\000r\000f\000o\000r\000m\000a\000n\000c\000e}{section.4.8}% 90
\BOOKMARK [2][-]{subsection.4.8.3}{\376\377\000T\000e\000s\000t\000s\000\040\000d\000'\000I\000n\000t\000\351\000g\000r\000a\000t\000i\000o\000n}{section.4.8}% 91
\BOOKMARK [1][-]{section.4.9}{\376\377\000R\000e\000v\000u\000e\000\040\000d\000e\000\040\000S\000p\000r\000i\000n\000t}{chapter.4}% 92
\BOOKMARK [2][-]{subsection.4.9.1}{\376\377\000D\000\351\000m\000o\000n\000s\000t\000r\000a\000t\000i\000o\000n}{section.4.9}% 93
\BOOKMARK [2][-]{subsection.4.9.2}{\376\377\000V\000a\000l\000i\000d\000a\000t\000i\000o\000n\000\040\000P\000r\000o\000d\000u\000c\000t\000\040\000O\000w\000n\000e\000r}{section.4.9}% 94
\BOOKMARK [2][-]{subsection.4.9.3}{\376\377\000F\000e\000e\000d\000b\000a\000c\000k}{section.4.9}% 95
\BOOKMARK [2][-]{subsection.4.9.4}{\376\377\000M\000\351\000t\000r\000i\000q\000u\000e\000s\000\040\000d\000u\000\040\000S\000p\000r\000i\000n\000t}{section.4.9}% 96
\BOOKMARK [1][-]{section.4.10}{\376\377\000C\000o\000n\000c\000l\000u\000s\000i\000o\000n\000\040\000d\000u\000\040\000C\000h\000a\000p\000i\000t\000r\000e}{chapter.4}% 97
\BOOKMARK [0][-]{chapter.5}{\376\377\000S\000p\000r\000i\000n\000t\000\040\0003\000\040\000-\000\040\000M\000o\000d\000u\000l\000e\000\040\000V\000a\000l\000i\000d\000a\000t\000i\000o\000n\000\040\000e\000t\000\040\000A\000s\000s\000i\000g\000n\000m\000e\000n\000t}{}% 98
\BOOKMARK [1][-]{section.5.1}{\376\377\000I\000n\000t\000r\000o\000d\000u\000c\000t\000i\000o\000n}{chapter.5}% 99
\BOOKMARK [1][-]{section.5.2}{\376\377\000V\000u\000e\000\040\000d\000'\000E\000n\000s\000e\000m\000b\000l\000e}{chapter.5}% 100
\BOOKMARK [1][-]{section.5.3}{\376\377\000O\000b\000j\000e\000c\000t\000i\000f\000\040\000P\000r\000i\000n\000c\000i\000p\000a\000l}{chapter.5}% 101
\BOOKMARK [1][-]{section.5.4}{\376\377\000U\000s\000e\000r\000\040\000S\000t\000o\000r\000i\000e\000s\000\040\000D\000\351\000t\000a\000i\000l\000l\000\351\000e\000s}{chapter.5}% 102
\BOOKMARK [1][-]{section.5.5}{\376\377\000A\000n\000a\000l\000y\000s\000e\000\040\000e\000t\000\040\000S\000p\000\351\000c\000i\000f\000i\000c\000a\000t\000i\000o\000n\000s}{chapter.5}% 103
\BOOKMARK [2][-]{subsection.5.5.1}{\376\377\000D\000i\000a\000g\000r\000a\000m\000m\000e\000\040\000d\000e\000\040\000C\000a\000s\000\040\000d\000'\000U\000t\000i\000l\000i\000s\000a\000t\000i\000o\000n\000\040\000-\000\040\000S\000p\000r\000i\000n\000t\000\040\0003}{section.5.5}% 104
\BOOKMARK [2][-]{subsection.5.5.2}{\376\377\000R\000a\000f\000f\000i\000n\000e\000m\000e\000n\000t\000s\000\040\000T\000e\000x\000t\000u\000e\000l\000s\000\040\000-\000\040\000S\000c\000\351\000n\000a\000r\000i\000o\000\040\000V\000a\000l\000i\000d\000a\000t\000i\000o\000n}{section.5.5}% 105
\BOOKMARK [2][-]{subsection.5.5.3}{\376\377\000R\000a\000f\000f\000i\000n\000e\000m\000e\000n\000t\000s\000\040\000T\000e\000x\000t\000u\000e\000l\000s\000\040\000-\000\040\000S\000c\000\351\000n\000a\000r\000i\000o\000\040\000A\000s\000s\000i\000g\000n\000m\000e\000n\000t}{section.5.5}% 106
\BOOKMARK [2][-]{subsection.5.5.4}{\376\377\000D\000i\000a\000g\000r\000a\000m\000m\000e\000\040\000d\000e\000\040\000C\000l\000a\000s\000s\000e\000s\000\040\000-\000\040\000E\000n\000t\000i\000t\000\351\000s\000\040\000V\000a\000l\000i\000d\000a\000t\000i\000o\000n\000/\000A\000s\000s\000i\000g\000n\000m\000e\000n\000t}{section.5.5}% 107
\BOOKMARK [2][-]{subsection.5.5.5}{\376\377\000D\000i\000a\000g\000r\000a\000m\000m\000e\000\040\000d\000e\000\040\000S\000\351\000q\000u\000e\000n\000c\000e\000\040\000-\000\040\000V\000a\000l\000i\000d\000a\000t\000i\000o\000n}{section.5.5}% 108
\BOOKMARK [2][-]{subsection.5.5.6}{\376\377\000D\000i\000a\000g\000r\000a\000m\000m\000e\000\040\000d\000e\000\040\000S\000\351\000q\000u\000e\000n\000c\000e\000\040\000-\000\040\000A\000s\000s\000i\000g\000n\000m\000e\000n\000t\000\040\000\311\000q\000u\000i\000p\000e}{section.5.5}% 109
\BOOKMARK [2][-]{subsection.5.5.7}{\376\377\000D\000i\000a\000g\000r\000a\000m\000m\000e\000\040\000d\000'\000A\000c\000t\000i\000v\000i\000t\000\351\000s\000\040\000-\000\040\000V\000a\000l\000i\000d\000a\000t\000i\000o\000n\000\040\000W\000o\000r\000k\000f\000l\000o\000w}{section.5.5}% 110
\BOOKMARK [1][-]{section.5.6}{\376\377\000C\000o\000n\000c\000e\000p\000t\000i\000o\000n\000\040\000D\000\351\000t\000a\000i\000l\000l\000\351\000e}{chapter.5}% 111
\BOOKMARK [2][-]{subsection.5.6.1}{\376\377\000A\000r\000c\000h\000i\000t\000e\000c\000t\000u\000r\000e\000\040\000C\000o\000m\000p\000o\000s\000a\000n\000t\000s\000\040\000F\000r\000o\000n\000t\000e\000n\000d}{section.5.6}% 112
\BOOKMARK [2][-]{subsection.5.6.2}{\376\377\000R\000o\000u\000t\000e\000s\000\040\000A\000P\000I}{section.5.6}% 113
\BOOKMARK [2][-]{subsection.5.6.3}{\376\377\000M\000i\000d\000d\000l\000e\000w\000a\000r\000e\000\040\000-\000\040\000V\000\351\000r\000i\000f\000i\000c\000a\000t\000i\000o\000n\000\040\000P\000e\000r\000m\000i\000s\000s\000i\000o\000n\000s}{section.5.6}% 114
\BOOKMARK [1][-]{section.5.7}{\376\377\000R\000\351\000a\000l\000i\000s\000a\000t\000i\000o\000n\000\040\000-\000\040\000I\000m\000p\000l\000\351\000m\000e\000n\000t\000a\000t\000i\000o\000n}{chapter.5}% 115
\BOOKMARK [2][-]{subsection.5.7.1}{\376\377\000D\000i\000a\000l\000o\000g\000\040\000V\000a\000l\000i\000d\000a\000t\000i\000o\000n}{section.5.7}% 116
\BOOKMARK [2][-]{subsection.5.7.2}{\376\377\000D\000i\000a\000l\000o\000g\000\040\000R\000e\000j\000e\000t}{section.5.7}% 117
\BOOKMARK [2][-]{subsection.5.7.3}{\376\377\000D\000i\000a\000l\000o\000g\000\040\000A\000s\000s\000i\000g\000n\000m\000e\000n\000t\000\040\000\311\000q\000u\000i\000p\000e}{section.5.7}% 118
\BOOKMARK [2][-]{subsection.5.7.4}{\376\377\000C\000o\000m\000p\000o\000n\000e\000n\000t\000\040\000T\000i\000m\000e\000l\000i\000n\000e\000\040\000A\000c\000t\000i\000o\000n\000s}{section.5.7}% 119
\BOOKMARK [2][-]{subsection.5.7.5}{\376\377\000A\000f\000f\000i\000c\000h\000a\000g\000e\000\040\000C\000o\000n\000d\000i\000t\000i\000o\000n\000n\000e\000l\000\040\000d\000e\000s\000\040\000A\000c\000t\000i\000o\000n\000s}{section.5.7}% 120
\BOOKMARK [1][-]{section.5.8}{\376\377\000T\000e\000s\000t\000s\000\040\000e\000t\000\040\000V\000a\000l\000i\000d\000a\000t\000i\000o\000n}{chapter.5}% 121
\BOOKMARK [2][-]{subsection.5.8.1}{\376\377\000T\000e\000s\000t\000s\000\040\000F\000o\000n\000c\000t\000i\000o\000n\000n\000e\000l\000s}{section.5.8}% 122
\BOOKMARK [2][-]{subsection.5.8.2}{\376\377\000T\000e\000s\000t\000s\000\040\000d\000e\000\040\000S\000\351\000c\000u\000r\000i\000t\000\351}{section.5.8}% 123
\BOOKMARK [1][-]{section.5.9}{\376\377\000R\000e\000v\000u\000e\000\040\000d\000e\000\040\000S\000p\000r\000i\000n\000t}{chapter.5}% 124
\BOOKMARK [2][-]{subsection.5.9.1}{\376\377\000D\000\351\000m\000o\000n\000s\000t\000r\000a\000t\000i\000o\000n}{section.5.9}% 125
\BOOKMARK [2][-]{subsection.5.9.2}{\376\377\000V\000a\000l\000i\000d\000a\000t\000i\000o\000n\000\040\000P\000r\000o\000d\000u\000c\000t\000\040\000O\000w\000n\000e\000r}{section.5.9}% 126
\BOOKMARK [2][-]{subsection.5.9.3}{\376\377\000F\000e\000e\000d\000b\000a\000c\000k}{section.5.9}% 127
\BOOKMARK [2][-]{subsection.5.9.4}{\376\377\000M\000\351\000t\000r\000i\000q\000u\000e\000s\000\040\000d\000u\000\040\000S\000p\000r\000i\000n\000t}{section.5.9}% 128
\BOOKMARK [1][-]{section.5.10}{\376\377\000C\000o\000n\000c\000l\000u\000s\000i\000o\000n\000\040\000d\000u\000\040\000C\000h\000a\000p\000i\000t\000r\000e}{chapter.5}% 129
\BOOKMARK [0][-]{chapter.6}{\376\377\000S\000p\000r\000i\000n\000t\000\040\0004\000\040\000-\000\040\000M\000o\000d\000u\000l\000e\000\040\000D\000i\000s\000p\000a\000t\000c\000h\000\040\000e\000t\000\040\000A\000n\000a\000l\000y\000t\000i\000c\000s}{}% 130
\BOOKMARK [1][-]{section.6.1}{\376\377\000I\000n\000t\000r\000o\000d\000u\000c\000t\000i\000o\000n}{chapter.6}% 131
\BOOKMARK [1][-]{section.6.2}{\376\377\000V\000u\000e\000\040\000d\000'\000E\000n\000s\000e\000m\000b\000l\000e}{chapter.6}% 132
\BOOKMARK [1][-]{section.6.3}{\376\377\000O\000b\000j\000e\000c\000t\000i\000f\000\040\000P\000r\000i\000n\000c\000i\000p\000a\000l}{chapter.6}% 133
\BOOKMARK [1][-]{section.6.4}{\376\377\000U\000s\000e\000r\000\040\000S\000t\000o\000r\000i\000e\000s\000\040\000D\000\351\000t\000a\000i\000l\000l\000\351\000e\000s}{chapter.6}% 134
\BOOKMARK [1][-]{section.6.5}{\376\377\000A\000n\000a\000l\000y\000s\000e\000\040\000e\000t\000\040\000S\000p\000\351\000c\000i\000f\000i\000c\000a\000t\000i\000o\000n\000s}{chapter.6}% 135
\BOOKMARK [2][-]{subsection.6.5.1}{\376\377\000D\000i\000a\000g\000r\000a\000m\000m\000e\000\040\000d\000e\000\040\000C\000a\000s\000\040\000d\000'\000U\000t\000i\000l\000i\000s\000a\000t\000i\000o\000n\000\040\000-\000\040\000S\000p\000r\000i\000n\000t\000\040\0004}{section.6.5}% 136
\BOOKMARK [2][-]{subsection.6.5.2}{\376\377\000R\000a\000f\000f\000i\000n\000e\000m\000e\000n\000t\000s\000\040\000T\000e\000x\000t\000u\000e\000l\000s\000\040\000-\000\040\000S\000c\000\351\000n\000a\000r\000i\000o\000\040\000D\000i\000s\000p\000a\000t\000c\000h}{section.6.5}% 137
\BOOKMARK [2][-]{subsection.6.5.3}{\376\377\000R\000a\000f\000f\000i\000n\000e\000m\000e\000n\000t\000s\000\040\000T\000e\000x\000t\000u\000e\000l\000s\000\040\000-\000\040\000S\000c\000\351\000n\000a\000r\000i\000o\000\040\000R\000\351\000c\000e\000p\000t\000i\000o\000n}{section.6.5}% 138
\BOOKMARK [2][-]{subsection.6.5.4}{\376\377\000D\000i\000a\000g\000r\000a\000m\000m\000e\000\040\000d\000e\000\040\000S\000\351\000q\000u\000e\000n\000c\000e\000\040\000-\000\040\000D\000i\000s\000p\000a\000t\000c\000h}{section.6.5}% 139
\BOOKMARK [2][-]{subsection.6.5.5}{\376\377\000D\000i\000a\000g\000r\000a\000m\000m\000e\000\040\000d\000e\000\040\000S\000\351\000q\000u\000e\000n\000c\000e\000\040\000-\000\040\000R\000\351\000c\000e\000p\000t\000i\000o\000n}{section.6.5}% 140
\BOOKMARK [2][-]{subsection.6.5.6}{\376\377\000D\000i\000a\000g\000r\000a\000m\000m\000e\000\040\000d\000'\000A\000c\000t\000i\000v\000i\000t\000\351\000s\000\040\000-\000\040\000F\000l\000u\000x\000\040\000R\000\351\000c\000e\000p\000t\000i\000o\000n}{section.6.5}% 141
\BOOKMARK [2][-]{subsection.6.5.7}{\376\377\000S\000p\000\351\000c\000i\000f\000i\000c\000a\000t\000i\000o\000n\000s\000\040\000A\000n\000a\000l\000y\000t\000i\000c\000s}{section.6.5}% 142
\BOOKMARK [1][-]{section.6.6}{\376\377\000C\000o\000n\000c\000e\000p\000t\000i\000o\000n\000\040\000D\000\351\000t\000a\000i\000l\000l\000\351\000e}{chapter.6}% 143
\BOOKMARK [2][-]{subsection.6.6.1}{\376\377\000A\000r\000c\000h\000i\000t\000e\000c\000t\000u\000r\000e\000\040\000C\000o\000m\000p\000o\000s\000a\000n\000t\000s\000\040\000F\000r\000o\000n\000t\000e\000n\000d}{section.6.6}% 144
\BOOKMARK [2][-]{subsection.6.6.2}{\376\377\000R\000o\000u\000t\000e\000s\000\040\000A\000P\000I}{section.6.6}% 145
\BOOKMARK [2][-]{subsection.6.6.3}{\376\377\000C\000a\000l\000c\000u\000l\000s\000\040\000K\000P\000I\000s\000\040\000\050\000B\000a\000c\000k\000e\000n\000d\000\051}{section.6.6}% 146
\BOOKMARK [1][-]{section.6.7}{\376\377\000R\000\351\000a\000l\000i\000s\000a\000t\000i\000o\000n\000\040\000-\000\040\000I\000m\000p\000l\000\351\000m\000e\000n\000t\000a\000t\000i\000o\000n}{chapter.6}% 147
\BOOKMARK [2][-]{subsection.6.7.1}{\376\377\000D\000i\000a\000l\000o\000g\000\040\000D\000i\000s\000p\000a\000t\000c\000h}{section.6.7}% 148
\BOOKMARK [2][-]{subsection.6.7.2}{\376\377\000D\000i\000a\000l\000o\000g\000\040\000R\000\351\000c\000e\000p\000t\000i\000o\000n}{section.6.7}% 149
\BOOKMARK [2][-]{subsection.6.7.3}{\376\377\000P\000a\000g\000e\000\040\000D\000a\000s\000h\000b\000o\000a\000r\000d\000\040\000A\000n\000a\000l\000y\000t\000i\000c\000s}{section.6.7}% 150
\BOOKMARK [2][-]{subsection.6.7.4}{\376\377\000C\000o\000m\000p\000o\000s\000a\000n\000t\000\040\000K\000P\000I\000\040\000C\000a\000r\000d}{section.6.7}% 151
\BOOKMARK [2][-]{subsection.6.7.5}{\376\377\000C\000h\000a\000r\000t\000s\000\040\000a\000v\000e\000c\000\040\000R\000e\000c\000h\000a\000r\000t\000s}{section.6.7}% 152
\BOOKMARK [2][-]{subsection.6.7.6}{\376\377\000\311\000t\000a\000t\000\040\000Z\000u\000s\000t\000a\000n\000d\000\040\000-\000\040\000A\000n\000a\000l\000y\000t\000i\000c\000s\000\040\000S\000t\000o\000r\000e}{section.6.7}% 153
\BOOKMARK [1][-]{section.6.8}{\376\377\000T\000e\000s\000t\000s\000\040\000e\000t\000\040\000V\000a\000l\000i\000d\000a\000t\000i\000o\000n}{chapter.6}% 154
\BOOKMARK [2][-]{subsection.6.8.1}{\376\377\000T\000e\000s\000t\000s\000\040\000F\000o\000n\000c\000t\000i\000o\000n\000n\000e\000l\000s}{section.6.8}% 155
\BOOKMARK [2][-]{subsection.6.8.2}{\376\377\000T\000e\000s\000t\000s\000\040\000d\000'\000I\000n\000t\000\351\000g\000r\000a\000t\000i\000o\000n\000\040\000E\000n\000d\000-\000t\000o\000-\000E\000n\000d}{section.6.8}% 156
\BOOKMARK [1][-]{section.6.9}{\376\377\000R\000e\000v\000u\000e\000\040\000d\000e\000\040\000S\000p\000r\000i\000n\000t}{chapter.6}% 157
\BOOKMARK [2][-]{subsection.6.9.1}{\376\377\000D\000\351\000m\000o\000n\000s\000t\000r\000a\000t\000i\000o\000n\000\040\000F\000i\000n\000a\000l\000e}{section.6.9}% 158
\BOOKMARK [2][-]{subsection.6.9.2}{\376\377\000V\000a\000l\000i\000d\000a\000t\000i\000o\000n\000\040\000P\000r\000o\000d\000u\000c\000t\000\040\000O\000w\000n\000e\000r}{section.6.9}% 159
\BOOKMARK [2][-]{subsection.6.9.3}{\376\377\000F\000e\000e\000d\000b\000a\000c\000k}{section.6.9}% 160
\BOOKMARK [2][-]{subsection.6.9.4}{\376\377\000M\000\351\000t\000r\000i\000q\000u\000e\000s\000\040\000d\000u\000\040\000S\000p\000r\000i\000n\000t}{section.6.9}% 161
\BOOKMARK [2][-]{subsection.6.9.5}{\376\377\000M\000\351\000t\000r\000i\000q\000u\000e\000s\000\040\000G\000l\000o\000b\000a\000l\000e\000s\000\040\000d\000u\000\040\000P\000r\000o\000j\000e\000t}{section.6.9}% 162
\BOOKMARK [1][-]{section.6.10}{\376\377\000C\000o\000n\000c\000l\000u\000s\000i\000o\000n\000\040\000d\000u\000\040\000C\000h\000a\000p\000i\000t\000r\000e}{chapter.6}% 163
\BOOKMARK [0][-]{chapter*.32}{\376\377\000C\000o\000n\000c\000l\000u\000s\000i\000o\000n\000\040\000G\000\351\000n\000\351\000r\000a\000l\000e}{}% 164
\BOOKMARK [0][-]{chapter*.33}{\376\377\000B\000i\000b\000l\000i\000o\000g\000r\000a\000p\000h\000i\000e}{}% 165
